{"C:\\Users\\unlea\\Desktop\\Github_workspace\\Jest_tutorial\\addNumber.js": {"path":"C:\\Users\\unlea\\Desktop\\Github_workspace\\Jest_tutorial\\addNumber.js","statementMap":{"0":{"start":{"line":1,"column":25},"end":{"line":3,"column":1}},"1":{"start":{"line":2,"column":2},"end":{"line":2,"column":15}}},"fnMap":{"0":{"name":"(anonymous_0)","decl":{"start":{"line":1,"column":25},"end":{"line":1,"column":26}},"loc":{"start":{"line":1,"column":35},"end":{"line":3,"column":1}},"line":1}},"branchMap":{},"s":{"0":1,"1":1},"f":{"0":1},"b":{},"_coverageSchema":"1a1c01bbd47fc00a2c39e90264f33305004495a9","hash":"e7b6ab81546a68608ff670d127db70a28276918c"}
}
